Arguments: 
  /Users/maxfahl/.nvm/versions/node/v16.4.2/bin/node /usr/local/bin/yarn add faker.js

PATH: 
  /usr/local/bin:/Users/maxfahl/.nvm/versions/node/v16.14.0/bin:/usr/local/sbin:/usr/bin:/bin:/usr/sbin:/sbin:/Applications/Little Snitch.app/Contents/Components:/Library/Apple/usr/bin:/Applications/Wireshark.app/Contents/MacOS

Yarn version: 
  1.22.18

Node version: 
  16.4.2

Platform: 
  darwin x64

Trace: 
  Error: https://registry.yarnpkg.com/faker.js/-/faker.js-2.0.0.tgz: Request failed "404 Not Found"
      at ResponseError.ExtendableBuiltin (/usr/local/lib/node_modules/yarn/lib/cli.js:696:66)
      at new ResponseError (/usr/local/lib/node_modules/yarn/lib/cli.js:802:124)
      at Request.<anonymous> (/usr/local/lib/node_modules/yarn/lib/cli.js:66208:16)
      at Request.emit (node:events:394:28)
      at Request.module.exports.Request.onRequestResponse (/usr/local/lib/node_modules/yarn/lib/cli.js:141760:10)
      at ClientRequest.emit (node:events:394:28)
      at HTTPParser.parserOnIncomingClient (node:_http_client:621:27)
      at HTTPParser.parserOnHeadersComplete (node:_http_common:127:17)
      at TLSSocket.socketOnData (node:_http_client:487:22)
      at TLSSocket.emit (node:events:394:28)

npm manifest: 
  {
    "$schema": "https://www.raycast.com/schemas/extension.json",
    "name": "faker",
    "title": "Faker",
    "description": "Generate different kinds of placeholder data. Such as names, phone numbers and emails etc.",
    "icon": "command-icon.png",
    "author": "fahl",
    "categories": [
      "Productivity"
    ],
    "license": "MIT",
    "commands": [
      {
        "name": "fake",
        "title": "Fake",
        "subtitle": "Fake random data",
        "description": "Generate a random name, email or phone number etc.",
        "mode": "view"
      }
    ],
    "dependencies": {
      "@raycast/api": "^1.31.0"
    },
    "devDependencies": {
      "@types/node": "~16.10.0",
      "@types/react": "^17.0.28",
      "@typescript-eslint/eslint-plugin": "^5.0.0",
      "@typescript-eslint/parser": "^5.0.0",
      "eslint": "^7.32.0",
      "eslint-config-prettier": "^8.3.0",
      "prettier": "^2.5.1",
      "react-devtools": "^4.19.2",
      "typescript": "^4.4.3"
    },
    "scripts": {
      "build": "ray build -e dist",
      "dev": "ray develop",
      "fix-lint": "ray lint --fix",
      "lint": "ray lint"
    }
  }

yarn manifest: 
  No manifest

Lockfile: 
  No lockfile
